<!DOCTYPE html PUBLIC "-//W3C//DTD XHTML 1.1//EN" "https://www.w3.org/TR/xhtml11/DTD/xhtml11.dtd">
<html xmlns="https://www.w3.org/1999/xhtml">
<head>
<meta http-equiv="content-type" content="text/html; charset=UTF-8"/>
<title>TestNG Report</title>
<style type="text/css">table {margin-bottom:10px;border-collapse:collapse;empty-cells:show}th,td {border:1px solid #009;padding:.25em .5em}th {vertical-align:bottom}td {vertical-align:top}table a {font-weight:bold}.stripe td {background-color: #E6EBF9}.num {text-align:right}.passedodd td {background-color: #3F3}.passedeven td {background-color: #0A0}.skippedodd td {background-color: #DDD}.skippedeven td {background-color: #CCC}.failedodd td,.attn {background-color: #F33}.failedeven td,.stripe .attn {background-color: #D00}.stacktrace {white-space:pre;font-family:monospace}.totop {font-size:85%;text-align:center;border-bottom:2px solid #000}.invisible {display:none}</style>
</head>
<body>
<table>
<tr><th>Test</th><th># Passed</th><th># Skipped</th><th># Retried</th><th># Failed</th><th>Time (ms)</th><th>Included Groups</th><th>Excluded Groups</th></tr>
<tr><th colspan="8">KTCTC</th></tr>
<tr><td><a href="#t0">regression</a></td><td class="num">36</td><td class="num attn">3</td><td class="num">0</td><td class="num attn">13</td><td class="num">165,679</td><td></td><td></td></tr>
</table>
<table id='summary'><thead><tr><th>Class</th><th>Method</th><th>Start</th><th>Time (ms)</th></tr></thead><tbody><tr><th colspan="4">KTCTC</th></tr></tbody><tbody id="t0"><tr><th colspan="4">regression &#8212; failed</th></tr><tr class="failedeven"><td rowspan="1">annotation.FileUploadTestCase</td><td><a href="#m0">verifyfileupload</a></td><td rowspan="1">1658850284304</td><td rowspan="1">63588</td></tr><tr class="failedodd"><td rowspan="3">assertions.AssertionClass</td><td><a href="#m1">verifyUserCanReadEmail</a></td><td rowspan="1">1658850284204</td><td rowspan="1">1</td></tr><tr class="failedodd"><td><a href="#m2">verifyUserCanSendEmail</a></td><td rowspan="1">1658850284208</td><td rowspan="1">0</td></tr><tr class="failedodd"><td><a href="#m3">verifyuserslist</a></td><td rowspan="1">1658850284209</td><td rowspan="1">11</td></tr><tr class="failedeven"><td rowspan="3">assertions.SoftAssertionClass</td><td><a href="#m4">verifyUserCanLoginWithValidUserNameAndPassword</a></td><td rowspan="1">1658850284173</td><td rowspan="1">12</td></tr><tr class="failedeven"><td><a href="#m5">verifyUserCanReadEmail</a></td><td rowspan="1">1658850284189</td><td rowspan="1">3</td></tr><tr class="failedeven"><td><a href="#m6">verifyUserCanSendEmail</a></td><td rowspan="1">1658850284193</td><td rowspan="1">3</td></tr><tr class="failedodd"><td rowspan="1">brockenlink.BrockenLinkClass4ToolQA2</td><td><a href="#m7">sampleTestCase</a></td><td rowspan="1">1658850203204</td><td rowspan="1">59875</td></tr><tr class="failedeven"><td rowspan="1">brockenlink.BrockenLinkClass5ToolQA3</td><td><a href="#m8">verifyLinksAreBrockenOrNot</a></td><td rowspan="1">1658850243059</td><td rowspan="1">56636</td></tr><tr class="failedodd"><td rowspan="1">dependend.test.cases.DependentTestCasesClass</td><td><a href="#m9">verifyUserCanSendEmail</a></td><td rowspan="1">1658850284242</td><td rowspan="1">0</td></tr><tr class="failedeven"><td rowspan="1">dependend.test.cases.DependentTestCasesClass2</td><td><a href="#m10">verifyUserCanLoginWithValidUserNameAndPassword</a></td><td rowspan="1">1658850284160</td><td rowspan="1">10</td></tr><tr class="failedodd"><td rowspan="1">invocation.InvocationCountClass</td><td><a href="#m11">verifyUserCanSendEmail</a></td><td rowspan="1">1658850284261</td><td rowspan="1">0</td></tr><tr class="failedeven"><td rowspan="1">screen.cpature.ScreenCaptureClass2</td><td><a href="#m12">sampleTestCase</a></td><td rowspan="1">1658850182318</td><td rowspan="1">103913</td></tr><tr><th colspan="4">regression &#8212; skipped</th></tr><tr class="skippedeven"><td rowspan="1">dataprovider.annotation.DataProviderClass3</td><td><a href="#m13">verifyNewUserCanBeAddedWithProvidedData</a></td><td rowspan="1">1658850285859</td><td rowspan="1">0</td></tr><tr class="skippedodd"><td rowspan="1">dependend.test.cases.DependentTestCasesClass</td><td><a href="#m14">verifyUserCanReadEmail</a></td><td rowspan="1">1658850284243</td><td rowspan="1">0</td></tr><tr class="skippedeven"><td rowspan="1">invocation.InvocationCountClass</td><td><a href="#m15">sample</a></td><td rowspan="1">1658850284294</td><td rowspan="1">0</td></tr><tr><th colspan="4">regression &#8212; passed</th></tr><tr class="passedeven"><td rowspan="2">anno.AnnoClass</td><td><a href="#m16">A</a></td><td rowspan="1">1658850182295</td><td rowspan="1">6</td></tr><tr class="passedeven"><td><a href="#m17">B</a></td><td rowspan="1">1658850182312</td><td rowspan="1">1</td></tr><tr class="passedodd"><td rowspan="1">annotation.AnnotationCCC</td><td><a href="#m18">firstTestCase</a></td><td rowspan="1">1658850182295</td><td rowspan="1">5</td></tr><tr class="passedeven"><td rowspan="3">annotation.AnnotationInTestNG</td><td><a href="#m19">verifyUserCanLoginWithValidUserNameAndPassword</a></td><td rowspan="1">1658850284227</td><td rowspan="1">1</td></tr><tr class="passedeven"><td><a href="#m20">verifyUserCanReadEmail</a></td><td rowspan="1">1658850284230</td><td rowspan="1">3</td></tr><tr class="passedeven"><td><a href="#m21">verifyUserCanSendEmail</a></td><td rowspan="1">1658850284238</td><td rowspan="1">1</td></tr><tr class="passedodd"><td rowspan="2">annotation.AnnotationInTestNGTwo</td><td><a href="#m22">sampleAMethodFromAnnotationInTestNGTwo</a></td><td rowspan="1">1658850182313</td><td rowspan="1">12</td></tr><tr class="passedodd"><td><a href="#m23">sampleBMethodFromAnnotationInTestNGTwo</a></td><td rowspan="1">1658850182329</td><td rowspan="1">1</td></tr><tr class="passedeven"><td rowspan="1">assertions.AssertionClass</td><td><a href="#m24">verifyUserCanLoginWithValidUserNameAndPassword</a></td><td rowspan="1">1658850284201</td><td rowspan="1">1</td></tr><tr class="passedodd"><td rowspan="1">brockenlink.BrockenLinkClass</td><td><a href="#m25">sampleTestCase</a></td><td rowspan="1">1658850182341</td><td rowspan="1">20858</td></tr><tr class="passedeven"><td rowspan="1">brockenlink.BrockenLinkClass2</td><td><a href="#m26">sampleTestCase</a></td><td rowspan="1">1658850182332</td><td rowspan="1">32743</td></tr><tr class="passedodd"><td rowspan="1">brockenlink.BrockenLinkClass3ToolQA</td><td><a href="#m27">sampleTestCase</a></td><td rowspan="1">1658850217387</td><td rowspan="1">63280</td></tr><tr class="passedeven"><td rowspan="1">brockenlink.FindStatusCodeOfLink</td><td><a href="#m28">sampleTestCase</a></td><td rowspan="1">1658850215076</td><td rowspan="1">2294</td></tr><tr class="passedodd"><td rowspan="3">dataprovider.annotation.DataProviderClass</td><td><a href="#m29">verifyUserCanLoginWithProvidedCredentials2</a></td><td rowspan="3">1658850284092</td><td rowspan="3">1</td></tr><tr class="passedodd"><td><a href="#m30">verifyUserCanLoginWithProvidedCredentials2</a></td></tr><tr class="passedodd"><td><a href="#m31">verifyUserCanLoginWithProvidedCredentials2</a></td></tr><tr class="passedeven"><td rowspan="4">dataprovider.annotation.DataProviderClass2</td><td><a href="#m32">verifyUserCanLoginWithProvidedCredentials2</a></td><td rowspan="4">1658850284086</td><td rowspan="4">2</td></tr><tr class="passedeven"><td><a href="#m33">verifyUserCanLoginWithProvidedCredentials2</a></td></tr><tr class="passedeven"><td><a href="#m34">verifyUserCanLoginWithProvidedCredentials2</a></td></tr><tr class="passedeven"><td><a href="#m35">verifyUserCanLoginWithProvidedCredentials2</a></td></tr><tr class="passedodd"><td rowspan="1">dependend.test.cases.DependentTestCasesClass</td><td><a href="#m36">verifyUserCanLoginWithValidUserNameAndPassword</a></td><td rowspan="1">1658850284222</td><td rowspan="1">1</td></tr><tr class="passedeven"><td rowspan="1">dependend.test.cases.DependentTestCasesClass2</td><td><a href="#m37">verifyUserCanSendEmail</a></td><td rowspan="1">1658850284172</td><td rowspan="1">0</td></tr><tr class="passedodd"><td rowspan="1">enable.EnableInTestNG</td><td><a href="#m38">A</a></td><td rowspan="1">1658850182294</td><td rowspan="1">8</td></tr><tr class="passedeven"><td rowspan="5">enable.SampleClass</td><td><a href="#m39">method1</a></td><td rowspan="1">1658850182294</td><td rowspan="1">7</td></tr><tr class="passedeven"><td><a href="#m40">method2</a></td><td rowspan="1">1658850182304</td><td rowspan="1">2</td></tr><tr class="passedeven"><td><a href="#m41">method3</a></td><td rowspan="1">1658850182337</td><td rowspan="1">3</td></tr><tr class="passedeven"><td><a href="#m42">method4</a></td><td rowspan="1">1658850182310</td><td rowspan="1">1</td></tr><tr class="passedeven"><td><a href="#m43">method5</a></td><td rowspan="1">1658850182312</td><td rowspan="1">16</td></tr><tr class="passedodd"><td rowspan="4">invocation.InvocationCountClass</td><td><a href="#m44">verifyUserCanSendEmail</a></td><td rowspan="4">1658850284274</td><td rowspan="4">4</td></tr><tr class="passedodd"><td><a href="#m45">verifyUserCanSendEmail</a></td></tr><tr class="passedodd"><td><a href="#m46">verifyUserCanSendEmail</a></td></tr><tr class="passedodd"><td><a href="#m47">verifyUserCanSendEmail</a></td></tr><tr class="passedeven"><td rowspan="3">priority.PriorityClass</td><td><a href="#m48">verifyExistingUserCanBeDeleted</a></td><td rowspan="1">1658850285888</td><td rowspan="1">0</td></tr><tr class="passedeven"><td><a href="#m49">verifyExistingUserCanBeedited</a></td><td rowspan="1">1658850285886</td><td rowspan="1">1</td></tr><tr class="passedeven"><td><a href="#m50">verifyNewUserCanBeadded</a></td><td rowspan="1">1658850285899</td><td rowspan="1">1</td></tr><tr class="passedodd"><td rowspan="1">screen.cpature.ScreenCaptureClass</td><td><a href="#m51">sampleTestCase</a></td><td rowspan="1">1658850182320</td><td rowspan="1">60737</td></tr></tbody>
</table>
<h2>regression</h2><h3 id="m0">annotation.FileUploadTestCase#verifyfileupload</h3><table class="result"><tr><th>Exception</th></tr><tr><td><div class="stacktrace">java.lang.AssertionError: expected [1 file has been successfully uploaded.] but found [1 file
has been successfully uploaded.]
	at annotation.FileUploadTestCase.verifyfileupload(FileUploadTestCase.java:64)
	at java.util.concurrent.ThreadPoolExecutor.runWorker(Unknown Source)
	at java.util.concurrent.ThreadPoolExecutor$Worker.run(Unknown Source)
	at java.lang.Thread.run(Unknown Source)
... Removed 18 stack frames</div></td></tr></table><p class="totop"><a href="#summary">back to summary</a></p>
<h3 id="m1">assertions.AssertionClass#verifyUserCanReadEmail</h3><table class="result"><tr><th>Exception</th></tr><tr><td><div class="stacktrace">java.lang.AssertionError: Current share price is not matching expected [405.55] but found [405.55]
	at assertions.AssertionClass.verifyUserCanReadEmail(AssertionClass.java:45)
	at java.util.concurrent.ThreadPoolExecutor.runWorker(Unknown Source)
	at java.util.concurrent.ThreadPoolExecutor$Worker.run(Unknown Source)
	at java.lang.Thread.run(Unknown Source)
... Removed 16 stack frames</div></td></tr></table><p class="totop"><a href="#summary">back to summary</a></p>
<h3 id="m2">assertions.AssertionClass#verifyUserCanSendEmail</h3><table class="result"><tr><th>Exception</th></tr><tr><td><div class="stacktrace">java.lang.AssertionError: expected [null] but found [anno.AnnoClass@55d642b]
	at assertions.AssertionClass.verifyUserCanSendEmail(AssertionClass.java:30)
	at java.util.concurrent.ThreadPoolExecutor.runWorker(Unknown Source)
	at java.util.concurrent.ThreadPoolExecutor$Worker.run(Unknown Source)
	at java.lang.Thread.run(Unknown Source)
... Removed 16 stack frames</div></td></tr></table><p class="totop"><a href="#summary">back to summary</a></p>
<h3 id="m3">assertions.AssertionClass#verifyuserslist</h3><table class="result"><tr><th>Exception</th></tr><tr><td><div class="stacktrace">java.lang.AssertionError: expected [45] but found [23]
	at assertions.AssertionClass.verifyuserslist(AssertionClass.java:55)
	at java.util.concurrent.ThreadPoolExecutor.runWorker(Unknown Source)
	at java.util.concurrent.ThreadPoolExecutor$Worker.run(Unknown Source)
	at java.lang.Thread.run(Unknown Source)
... Removed 18 stack frames</div></td></tr></table><p class="totop"><a href="#summary">back to summary</a></p>
<h3 id="m4">assertions.SoftAssertionClass#verifyUserCanLoginWithValidUserNameAndPassword</h3><table class="result"><tr><th>Exception</th></tr><tr><td><div class="stacktrace">java.lang.AssertionError: The following asserts failed:
	User name is not displayed expected [true] but found [false],
	deleted user is displayed expected [false] but found [true]
	at assertions.SoftAssertionClass.verifyUserCanLoginWithValidUserNameAndPassword(SoftAssertionClass.java:25)
	at java.util.concurrent.ThreadPoolExecutor.runWorker(Unknown Source)
	at java.util.concurrent.ThreadPoolExecutor$Worker.run(Unknown Source)
	at java.lang.Thread.run(Unknown Source)
... Removed 14 stack frames</div></td></tr></table><p class="totop"><a href="#summary">back to summary</a></p>
<h3 id="m5">assertions.SoftAssertionClass#verifyUserCanReadEmail</h3><table class="result"><tr><th>Exception</th></tr><tr><td><div class="stacktrace">java.lang.AssertionError: The following asserts failed:
	expected [null] but found [anno.AnnoClass@75eabd4e]
	at assertions.SoftAssertionClass.verifyUserCanReadEmail(SoftAssertionClass.java:46)
	at java.util.concurrent.ThreadPoolExecutor.runWorker(Unknown Source)
	at java.util.concurrent.ThreadPoolExecutor$Worker.run(Unknown Source)
	at java.lang.Thread.run(Unknown Source)
... Removed 14 stack frames</div></td></tr></table><p class="totop"><a href="#summary">back to summary</a></p>
<h3 id="m6">assertions.SoftAssertionClass#verifyUserCanSendEmail</h3><table class="result"><tr><th>Exception</th></tr><tr><td><div class="stacktrace">java.lang.AssertionError: The following asserts failed:
	values is not matching expected [45] but found [23]
	at assertions.SoftAssertionClass.verifyUserCanSendEmail(SoftAssertionClass.java:36)
	at java.util.concurrent.ThreadPoolExecutor.runWorker(Unknown Source)
	at java.util.concurrent.ThreadPoolExecutor$Worker.run(Unknown Source)
	at java.lang.Thread.run(Unknown Source)
... Removed 14 stack frames</div></td></tr></table><p class="totop"><a href="#summary">back to summary</a></p>
<h3 id="m7">brockenlink.BrockenLinkClass4ToolQA2#sampleTestCase</h3><table class="result"><tr><th>Exception</th></tr><tr><td><div class="stacktrace">org.openqa.selenium.WebDriverException: unknown error: cannot determine loading status
from unknown error: unexpected command response
  (Session info: chrome=103.0.5060.134)
Build info: version: &apos;3.141.59&apos;, revision: &apos;e82be7d358&apos;, time: &apos;2018-11-14T08:17:03&apos;
System info: host: &apos;LAPTOP-D2GVCL39&apos;, ip: &apos;192.168.29.64&apos;, os.name: &apos;Windows 10&apos;, os.arch: &apos;amd64&apos;, os.version: &apos;10.0&apos;, java.version: &apos;1.8.0_261&apos;
Driver info: org.openqa.selenium.chrome.ChromeDriver
Capabilities {acceptInsecureCerts: false, browserName: chrome, browserVersion: 103.0.5060.134, chrome: {chromedriverVersion: 103.0.5060.53 (a1711811edd7..., userDataDir: C:\Users\91992\AppData\Loca...}, goog:chromeOptions: {debuggerAddress: localhost:55795}, javascriptEnabled: true, networkConnectionEnabled: false, pageLoadStrategy: normal, platform: WINDOWS, platformName: WINDOWS, proxy: Proxy(), setWindowRect: true, strictFileInteractability: false, timeouts: {implicit: 0, pageLoad: 300000, script: 30000}, unhandledPromptBehavior: dismiss and notify, webauthn:extension:credBlob: true, webauthn:extension:largeBlob: true, webauthn:virtualAuthenticators: true}
Session ID: 565d33489f0246ababc4931b607db01e
	at org.openqa.selenium.remote.http.W3CHttpResponseCodec.createException(W3CHttpResponseCodec.java:187)
	at org.openqa.selenium.remote.http.W3CHttpResponseCodec.decode(W3CHttpResponseCodec.java:122)
	at org.openqa.selenium.remote.http.W3CHttpResponseCodec.decode(W3CHttpResponseCodec.java:49)
	at org.openqa.selenium.remote.HttpCommandExecutor.execute(HttpCommandExecutor.java:158)
	at org.openqa.selenium.remote.service.DriverCommandExecutor.execute(DriverCommandExecutor.java:83)
	at org.openqa.selenium.remote.RemoteWebDriver.execute(RemoteWebDriver.java:552)
	at org.openqa.selenium.remote.RemoteWebElement.execute(RemoteWebElement.java:285)
	at org.openqa.selenium.remote.RemoteWebElement.getAttribute(RemoteWebElement.java:134)
	at brockenlink.BrockenLinkClass4ToolQA2.sampleTestCase(BrockenLinkClass4ToolQA2.java:33)
	at java.util.concurrent.ThreadPoolExecutor.runWorker(Unknown Source)
	at java.util.concurrent.ThreadPoolExecutor$Worker.run(Unknown Source)
	at java.lang.Thread.run(Unknown Source)
... Removed 16 stack frames</div></td></tr></table><p class="totop"><a href="#summary">back to summary</a></p>
<h3 id="m8">brockenlink.BrockenLinkClass5ToolQA3#verifyLinksAreBrockenOrNot</h3><table class="result"><tr><th>Exception</th></tr><tr><td><div class="stacktrace">java.lang.AssertionError: The following asserts failed:
	https://demoqa.com/bad-request is brcken with status code = 400 expected [true] but found [false],
	https://demoqa.com/unauthorized is brcken with status code = 401 expected [true] but found [false],
	https://demoqa.com/forbidden is brcken with status code = 403 expected [true] but found [false],
	https://demoqa.com/invalid-url is brcken with status code = 404 expected [true] but found [false]
	at brockenlink.BrockenLinkClass5ToolQA3.verifyLinksAreBrockenOrNot(BrockenLinkClass5ToolQA3.java:57)
	at java.util.concurrent.ThreadPoolExecutor.runWorker(Unknown Source)
	at java.util.concurrent.ThreadPoolExecutor$Worker.run(Unknown Source)
	at java.lang.Thread.run(Unknown Source)
... Removed 14 stack frames</div></td></tr></table><p class="totop"><a href="#summary">back to summary</a></p>
<h3 id="m9">dependend.test.cases.DependentTestCasesClass#verifyUserCanSendEmail</h3><table class="result"><tr><th>Exception</th></tr><tr><td><div class="stacktrace">java.lang.AssertionError: expected [true] but found [false]
	at dependend.test.cases.DependentTestCasesClass.verifyUserCanSendEmail(DependentTestCasesClass.java:18)
	at java.util.concurrent.ThreadPoolExecutor.runWorker(Unknown Source)
	at java.util.concurrent.ThreadPoolExecutor$Worker.run(Unknown Source)
	at java.lang.Thread.run(Unknown Source)
... Removed 16 stack frames</div></td></tr></table><p class="totop"><a href="#summary">back to summary</a></p>
<h3 id="m10">dependend.test.cases.DependentTestCasesClass2#verifyUserCanLoginWithValidUserNameAndPassword</h3><table class="result"><tr><th>Exception</th></tr><tr><td><div class="stacktrace">java.lang.AssertionError: expected [true] but found [false]
	at dependend.test.cases.DependentTestCasesClass2.verifyUserCanLoginWithValidUserNameAndPassword(DependentTestCasesClass2.java:12)
	at java.util.concurrent.ThreadPoolExecutor.runWorker(Unknown Source)
	at java.util.concurrent.ThreadPoolExecutor$Worker.run(Unknown Source)
	at java.lang.Thread.run(Unknown Source)
... Removed 16 stack frames</div></td></tr></table><p class="totop"><a href="#summary">back to summary</a></p>
<h3 id="m11">invocation.InvocationCountClass#verifyUserCanSendEmail</h3><table class="result"><tr><th>Exception</th></tr><tr><td><div class="stacktrace">java.lang.AssertionError: expected [true] but found [false]
	at invocation.InvocationCountClass.verifyUserCanSendEmail(InvocationCountClass.java:16)
	at java.util.concurrent.ThreadPoolExecutor.runWorker(Unknown Source)
	at java.util.concurrent.ThreadPoolExecutor$Worker.run(Unknown Source)
	at java.lang.Thread.run(Unknown Source)
... Removed 16 stack frames</div></td></tr></table><p class="totop"><a href="#summary">back to summary</a></p>
<h3 id="m12">screen.cpature.ScreenCaptureClass2#sampleTestCase</h3><table class="result"><tr><th>Exception</th></tr><tr><td><div class="stacktrace">java.lang.AssertionError: expected [true] but found [false]
	at screen.cpature.ScreenCaptureClass2.sampleTestCase(ScreenCaptureClass2.java:30)
	at java.util.concurrent.ThreadPoolExecutor.runWorker(Unknown Source)
	at java.util.concurrent.ThreadPoolExecutor$Worker.run(Unknown Source)
	at java.lang.Thread.run(Unknown Source)
... Removed 16 stack frames</div></td></tr></table><p class="totop"><a href="#summary">back to summary</a></p>
<h3 id="m13">dataprovider.annotation.DataProviderClass3#verifyNewUserCanBeAddedWithProvidedData</h3><table class="result"><tr><th>Exception</th></tr><tr><td><div class="stacktrace">java.lang.RuntimeException: java.lang.Error: Unresolved compilation problem: 
	Duplicate local variable data

	at java.util.concurrent.ThreadPoolExecutor.runWorker(Unknown Source)
	at java.util.concurrent.ThreadPoolExecutor$Worker.run(Unknown Source)
	at java.lang.Thread.run(Unknown Source)
Caused by: java.lang.Error: Unresolved compilation problem: 
	Duplicate local variable data

	at dataprovider.annotation.DataProviderClass3.sendUserCredentials(DataProviderClass3.java:43)
	... 12 more
... Removed 17 stack frames</div></td></tr></table><p class="totop"><a href="#summary">back to summary</a></p>
<h3 id="m14">dependend.test.cases.DependentTestCasesClass#verifyUserCanReadEmail</h3><table class="result"><tr><th>Exception</th></tr><tr><td><div class="stacktrace">java.lang.Throwable: Method DependentTestCasesClass.verifyUserCanReadEmail()[pri:0, instance:dependend.test.cases.DependentTestCasesClass@34cd072c] depends on not successfully finished methods
	at java.util.concurrent.ThreadPoolExecutor.runWorker(Unknown Source)
	at java.util.concurrent.ThreadPoolExecutor$Worker.run(Unknown Source)
	at java.lang.Thread.run(Unknown Source)
... Removed 3 stack frames</div></td></tr></table><p class="totop"><a href="#summary">back to summary</a></p>
<h3 id="m15">invocation.InvocationCountClass#sample</h3><table class="result"><tr><th>Exception</th></tr><tr><td><div class="stacktrace">java.lang.Throwable: Method InvocationCountClass.sample()[pri:0, instance:invocation.InvocationCountClass@bd8db5a] depends on not successfully finished methods
	at java.util.concurrent.ThreadPoolExecutor.runWorker(Unknown Source)
	at java.util.concurrent.ThreadPoolExecutor$Worker.run(Unknown Source)
	at java.lang.Thread.run(Unknown Source)
... Removed 3 stack frames</div></td></tr></table><p class="totop"><a href="#summary">back to summary</a></p>
<h3 id="m16">anno.AnnoClass#A</h3><table class="result"><tr><th class="invisible"/></tr></table><p class="totop"><a href="#summary">back to summary</a></p>
<h3 id="m17">anno.AnnoClass#B</h3><table class="result"><tr><th class="invisible"/></tr></table><p class="totop"><a href="#summary">back to summary</a></p>
<h3 id="m18">annotation.AnnotationCCC#firstTestCase</h3><table class="result"><tr><th class="invisible"/></tr></table><p class="totop"><a href="#summary">back to summary</a></p>
<h3 id="m19">annotation.AnnotationInTestNG#verifyUserCanLoginWithValidUserNameAndPassword</h3><table class="result"><tr><th class="invisible"/></tr></table><p class="totop"><a href="#summary">back to summary</a></p>
<h3 id="m20">annotation.AnnotationInTestNG#verifyUserCanReadEmail</h3><table class="result"><tr><th class="invisible"/></tr></table><p class="totop"><a href="#summary">back to summary</a></p>
<h3 id="m21">annotation.AnnotationInTestNG#verifyUserCanSendEmail</h3><table class="result"><tr><th class="invisible"/></tr></table><p class="totop"><a href="#summary">back to summary</a></p>
<h3 id="m22">annotation.AnnotationInTestNGTwo#sampleAMethodFromAnnotationInTestNGTwo</h3><table class="result"><tr><th class="invisible"/></tr></table><p class="totop"><a href="#summary">back to summary</a></p>
<h3 id="m23">annotation.AnnotationInTestNGTwo#sampleBMethodFromAnnotationInTestNGTwo</h3><table class="result"><tr><th class="invisible"/></tr></table><p class="totop"><a href="#summary">back to summary</a></p>
<h3 id="m24">assertions.AssertionClass#verifyUserCanLoginWithValidUserNameAndPassword</h3><table class="result"><tr><th class="invisible"/></tr></table><p class="totop"><a href="#summary">back to summary</a></p>
<h3 id="m25">brockenlink.BrockenLinkClass#sampleTestCase</h3><table class="result"><tr><th class="invisible"/></tr></table><p class="totop"><a href="#summary">back to summary</a></p>
<h3 id="m26">brockenlink.BrockenLinkClass2#sampleTestCase</h3><table class="result"><tr><th class="invisible"/></tr></table><p class="totop"><a href="#summary">back to summary</a></p>
<h3 id="m27">brockenlink.BrockenLinkClass3ToolQA#sampleTestCase</h3><table class="result"><tr><th class="invisible"/></tr></table><p class="totop"><a href="#summary">back to summary</a></p>
<h3 id="m28">brockenlink.FindStatusCodeOfLink#sampleTestCase</h3><table class="result"><tr><th class="invisible"/></tr></table><p class="totop"><a href="#summary">back to summary</a></p>
<h3 id="m29">dataprovider.annotation.DataProviderClass#verifyUserCanLoginWithProvidedCredentials2</h3><table class="result"><tr class="param"><th>Parameter #1</th><th>Parameter #2</th></tr><tr class="param stripe"><td>Ajay</td><td>Ajay@123</td></tr></table><p class="totop"><a href="#summary">back to summary</a></p>
<h3 id="m30">dataprovider.annotation.DataProviderClass#verifyUserCanLoginWithProvidedCredentials2</h3><table class="result"><tr class="param"><th>Parameter #1</th><th>Parameter #2</th></tr><tr class="param stripe"><td>Amar</td><td>Am&amp;4567</td></tr></table><p class="totop"><a href="#summary">back to summary</a></p>
<h3 id="m31">dataprovider.annotation.DataProviderClass#verifyUserCanLoginWithProvidedCredentials2</h3><table class="result"><tr class="param"><th>Parameter #1</th><th>Parameter #2</th></tr><tr class="param stripe"><td>Sanjay</td><td>Sanjay@345</td></tr></table><p class="totop"><a href="#summary">back to summary</a></p>
<h3 id="m32">dataprovider.annotation.DataProviderClass2#verifyUserCanLoginWithProvidedCredentials2</h3><table class="result"><tr class="param"><th>Parameter #1</th><th>Parameter #2</th></tr><tr class="param stripe"><td>Indian</td><td>false</td></tr></table><p class="totop"><a href="#summary">back to summary</a></p>
<h3 id="m33">dataprovider.annotation.DataProviderClass2#verifyUserCanLoginWithProvidedCredentials2</h3><table class="result"><tr class="param"><th>Parameter #1</th><th>Parameter #2</th></tr><tr class="param stripe"><td>PhoneNumber</td><td>9956443344</td></tr></table><p class="totop"><a href="#summary">back to summary</a></p>
<h3 id="m34">dataprovider.annotation.DataProviderClass2#verifyUserCanLoginWithProvidedCredentials2</h3><table class="result"><tr class="param"><th>Parameter #1</th><th>Parameter #2</th></tr><tr class="param stripe"><td>Name</td><td>Ajay</td></tr></table><p class="totop"><a href="#summary">back to summary</a></p>
<h3 id="m35">dataprovider.annotation.DataProviderClass2#verifyUserCanLoginWithProvidedCredentials2</h3><table class="result"><tr class="param"><th>Parameter #1</th><th>Parameter #2</th></tr><tr class="param stripe"><td>Add</td><td>Pune</td></tr></table><p class="totop"><a href="#summary">back to summary</a></p>
<h3 id="m36">dependend.test.cases.DependentTestCasesClass#verifyUserCanLoginWithValidUserNameAndPassword</h3><table class="result"><tr><th class="invisible"/></tr></table><p class="totop"><a href="#summary">back to summary</a></p>
<h3 id="m37">dependend.test.cases.DependentTestCasesClass2#verifyUserCanSendEmail</h3><table class="result"><tr><th class="invisible"/></tr></table><p class="totop"><a href="#summary">back to summary</a></p>
<h3 id="m38">enable.EnableInTestNG#A</h3><table class="result"><tr><th class="invisible"/></tr></table><p class="totop"><a href="#summary">back to summary</a></p>
<h3 id="m39">enable.SampleClass#method1</h3><table class="result"><tr><th class="invisible"/></tr></table><p class="totop"><a href="#summary">back to summary</a></p>
<h3 id="m40">enable.SampleClass#method2</h3><table class="result"><tr><th class="invisible"/></tr></table><p class="totop"><a href="#summary">back to summary</a></p>
<h3 id="m41">enable.SampleClass#method3</h3><table class="result"><tr><th class="invisible"/></tr></table><p class="totop"><a href="#summary">back to summary</a></p>
<h3 id="m42">enable.SampleClass#method4</h3><table class="result"><tr><th class="invisible"/></tr></table><p class="totop"><a href="#summary">back to summary</a></p>
<h3 id="m43">enable.SampleClass#method5</h3><table class="result"><tr><th class="invisible"/></tr></table><p class="totop"><a href="#summary">back to summary</a></p>
<h3 id="m44">invocation.InvocationCountClass#verifyUserCanSendEmail</h3><table class="result"><tr><th class="invisible"/></tr></table><p class="totop"><a href="#summary">back to summary</a></p>
<h3 id="m45">invocation.InvocationCountClass#verifyUserCanSendEmail</h3><table class="result"><tr><th class="invisible"/></tr></table><p class="totop"><a href="#summary">back to summary</a></p>
<h3 id="m46">invocation.InvocationCountClass#verifyUserCanSendEmail</h3><table class="result"><tr><th class="invisible"/></tr></table><p class="totop"><a href="#summary">back to summary</a></p>
<h3 id="m47">invocation.InvocationCountClass#verifyUserCanSendEmail</h3><table class="result"><tr><th class="invisible"/></tr></table><p class="totop"><a href="#summary">back to summary</a></p>
<h3 id="m48">priority.PriorityClass#verifyExistingUserCanBeDeleted</h3><table class="result"><tr><th class="invisible"/></tr></table><p class="totop"><a href="#summary">back to summary</a></p>
<h3 id="m49">priority.PriorityClass#verifyExistingUserCanBeedited</h3><table class="result"><tr><th class="invisible"/></tr></table><p class="totop"><a href="#summary">back to summary</a></p>
<h3 id="m50">priority.PriorityClass#verifyNewUserCanBeadded</h3><table class="result"><tr><th class="invisible"/></tr></table><p class="totop"><a href="#summary">back to summary</a></p>
<h3 id="m51">screen.cpature.ScreenCaptureClass#sampleTestCase</h3><table class="result"><tr><th class="invisible"/></tr></table><p class="totop"><a href="#summary">back to summary</a></p>
</body>
</html>
