<?xml version="1.0" encoding="UTF-8"?>
<!-- Generated by org.testng.reporters.JUnitReportReporter -->
<testsuite skipped="1" hostname="LAPTOP-D2GVCL39" name="dependend.test.cases.DependentTestCasesClass" tests="3" failures="1" timestamp="2022-07-26T21:15:49 IST" time="0.001" errors="0">
  <testcase name="verifyUserCanSendEmail" time="0.000" classname="dependend.test.cases.DependentTestCasesClass">
    <failure type="java.lang.AssertionError" message="expected [true] but found [false]">
      <![CDATA[java.lang.AssertionError: expected [true] but found [false]
at org.testng.Assert.fail(Assert.java:99)
at org.testng.Assert.failNotEquals(Assert.java:1037)
at org.testng.Assert.assertTrue(Assert.java:45)
at org.testng.Assert.assertTrue(Assert.java:55)
at dependend.test.cases.DependentTestCasesClass.verifyUserCanSendEmail(DependentTestCasesClass.java:18)
at sun.reflect.NativeMethodAccessorImpl.invoke0(Native Method)
at sun.reflect.NativeMethodAccessorImpl.invoke(Unknown Source)
at sun.reflect.DelegatingMethodAccessorImpl.invoke(Unknown Source)
at java.lang.reflect.Method.invoke(Unknown Source)
at org.testng.internal.MethodInvocationHelper.invokeMethod(MethodInvocationHelper.java:132)
at org.testng.internal.TestInvoker.invokeMethod(TestInvoker.java:599)
at org.testng.internal.TestInvoker.invokeTestMethod(TestInvoker.java:174)
at org.testng.internal.MethodRunner.runInSequence(MethodRunner.java:46)
at org.testng.internal.TestInvoker$MethodInvocationAgent.invoke(TestInvoker.java:822)
at org.testng.internal.TestInvoker.invokeTestMethods(TestInvoker.java:147)
at org.testng.internal.TestMethodWorker.invokeTestMethods(TestMethodWorker.java:146)
at org.testng.internal.TestMethodWorker.run(TestMethodWorker.java:128)
at java.util.concurrent.ThreadPoolExecutor.runWorker(Unknown Source)
at java.util.concurrent.ThreadPoolExecutor$Worker.run(Unknown Source)
at java.lang.Thread.run(Unknown Source)
]]>
    </failure>
  </testcase> <!-- verifyUserCanSendEmail -->
  <system-out/>
  <testcase name="verifyUserCanLoginWithValidUserNameAndPassword" time="0.001" classname="dependend.test.cases.DependentTestCasesClass"/>
  <system-out/>
  <testcase name="verifyUserCanReadEmail" time="0.000" classname="dependend.test.cases.DependentTestCasesClass">
    <skipped/>
  </testcase> <!-- verifyUserCanReadEmail -->
  <system-out/>
</testsuite> <!-- dependend.test.cases.DependentTestCasesClass -->
